{
  "0 debug pnpm:scope": {
    "selected": 1
  },
  "1 info pnpm": {
    "err": {
      "name": "Error",
      "message": "not found: u",
      "code": "ENOENT",
      "stack": "Error: not found: u\n    at getNotFoundError (/usr/pnpm-global/5/node_modules/.pnpm/pnpm@6.29.1/node_modules/pnpm/dist/pnpm.cjs:41576:51)\n    at Function.whichSync [as sync] (/usr/pnpm-global/5/node_modules/.pnpm/pnpm@6.29.1/node_modules/pnpm/dist/pnpm.cjs:41653:13)\n    at getCommandAbsolutePathSync (/usr/pnpm-global/5/node_modules/.pnpm/pnpm@6.29.1/node_modules/pnpm/dist/pnpm.cjs:43218:44)\n    at default_1 (/usr/pnpm-global/5/node_modules/.pnpm/pnpm@6.29.1/node_modules/pnpm/dist/pnpm.cjs:43227:32)\n    at /usr/pnpm-global/5/node_modules/.pnpm/pnpm@6.29.1/node_modules/pnpm/dist/pnpm.cjs:177995:39"
    }
  },
  "2 error pnpm": {
    "code": "ERR_PNPM_RECURSIVE_EXEC_FIRST_FAIL",
    "prefix": "/home/liukairui/CODE/lac-oa-fe",
    "err": {
      "name": "pnpm",
      "message": "not found: u",
      "code": "ERR_PNPM_RECURSIVE_EXEC_FIRST_FAIL",
      "stack": "Error: not found: u\n    at getNotFoundError (/usr/pnpm-global/5/node_modules/.pnpm/pnpm@6.29.1/node_modules/pnpm/dist/pnpm.cjs:41576:51)\n    at Function.whichSync [as sync] (/usr/pnpm-global/5/node_modules/.pnpm/pnpm@6.29.1/node_modules/pnpm/dist/pnpm.cjs:41653:13)\n    at getCommandAbsolutePathSync (/usr/pnpm-global/5/node_modules/.pnpm/pnpm@6.29.1/node_modules/pnpm/dist/pnpm.cjs:43218:44)\n    at default_1 (/usr/pnpm-global/5/node_modules/.pnpm/pnpm@6.29.1/node_modules/pnpm/dist/pnpm.cjs:43227:32)\n    at /usr/pnpm-global/5/node_modules/.pnpm/pnpm@6.29.1/node_modules/pnpm/dist/pnpm.cjs:177995:39"
    }
  }
}